2022-06-19T00:08:09.3215948 400 : [{"timestamp":"2022-06-19T04:08:09.299+00:00","status":400,"error":"Bad Request","message":"Required String parameter 'desc' is not present","path":"/transfer_type/filter"}]
2022-06-19T00:13:47.0909256 400 : [{"timestamp":"2022-06-19T04:13:47.068+00:00","status":400,"error":"Bad Request","message":"Required String parameter 'desc' is not present","path":"/transfer_type/filter"}]
2022-06-19T00:34:53.5320994 400 : [{"timestamp":"2022-06-19T04:34:53.508+00:00","status":400,"error":"Bad Request","message":"Required String parameter 'desc' is not present","path":"/transfer_type/filter"}]
2022-06-19T00:37:48.4376575 400 : [{"timestamp":"2022-06-19T04:37:48.415+00:00","status":400,"error":"Bad Request","message":"Required String parameter 'desc' is not present","path":"/transfer_type/filter"}]
2022-06-19T00:45:49.5548845 400 : [{"timestamp":"2022-06-19T04:45:49.530+00:00","status":400,"error":"Bad Request","message":"Required String parameter 'desc' is not present","path":"/transfer_type/filter"}]
2022-06-19T00:47:55.5322271 400 : [{"timestamp":"2022-06-19T04:47:55.507+00:00","status":400,"error":"Bad Request","message":"Required String parameter 'desc' is not present","path":"/transfer_type/filter"}]
2022-06-19T01:17:53.3344413 400 : [{"timestamp":"2022-06-19T05:17:53.310+00:00","status":400,"error":"Bad Request","message":"Required String parameter 'desc' is not present","path":"/transfer_type/filter"}]
2022-06-19T01:20:16.5383 400 : [{"timestamp":"2022-06-19T05:20:16.518+00:00","status":400,"error":"Bad Request","message":"Required String parameter 'desc' is not present","path":"/transfer_type/filter"}]
2022-06-19T01:35:43.0543282 400 : [{"timestamp":"2022-06-19T05:35:43.028+00:00","status":400,"error":"Bad Request","message":"Required String parameter 'desc' is not present","path":"/transfer_type/filter"}]
2022-06-19T01:46:53.5544302 400 : [{"timestamp":"2022-06-19T05:46:53.531+00:00","status":400,"error":"Bad Request","message":"Required String parameter 'desc' is not present","path":"/transfer_status/filter"}]
2022-06-19T01:47:41.6023736 404 : [{"timestamp":"2022-06-19T05:47:41.583+00:00","status":404,"error":"Not Found","message":"No message available","path":"/1003"}]
2022-06-19T01:55:21.7036335 404 : [{"timestamp":"2022-06-19T05:55:21.683+00:00","status":404,"error":"Not Found","message":"No message available","path":"/account1003"}]
2022-06-19T01:56:37.5028641 500 : [{"timestamp":"2022-06-19T05:56:37.480+00:00","status":500,"error":"Internal Server Error","message":"Ambiguous handler methods mapped for '/account/1003': {public com.techelevator.tenmo.model.Account ... (425 bytes)]
2022-06-19T01:59:54.0649133 404 : [{"timestamp":"2022-06-19T05:59:54.045+00:00","status":404,"error":"Not Found","message":"No message available","path":"/account/tenmo_user/1003"}]
2022-06-19T02:03:22.9765818 404 : [{"timestamp":"2022-06-19T06:03:22.956+00:00","status":404,"error":"Not Found","message":"No message available","path":"/account/tenmo_user/1003"}]
2022-06-19T02:06:09.7957591 400 : [{"timestamp":"2022-06-19T06:06:09.776+00:00","status":400,"error":"Bad Request","message":"Required String parameter 'desc' is not present","path":"/transfer_type/filter"}]
2022-06-19T02:12:34.5379404 500 : [{"timestamp":"2022-06-19T06:12:34.519+00:00","status":500,"error":"Internal Server Error","message":"Ambiguous handler methods mapped for '/account/user_id=1003': {public com.techelevator.tenmo.model.... (441 bytes)]
2022-06-19T02:15:59.0940542 400 : [{"timestamp":"2022-06-19T06:15:59.076+00:00","status":400,"error":"Bad Request","message":"Required String parameter 'desc' is not present","path":"/transfer_type/filter"}]
2022-06-19T02:21:34.5235104 400 : [{"timestamp":"2022-06-19T06:21:34.504+00:00","status":400,"error":"Bad Request","message":"Required String parameter 'desc' is not present","path":"/transfer_type/filter"}]
2022-06-19T04:50:54.7601928 400 : [{"timestamp":"2022-06-19T08:50:54.740+00:00","status":400,"error":"Bad Request","message":"Required String parameter 'desc' is not present","path":"/transfer_type/filter"}]
2022-06-19T04:52:39.6168504 401 : [no body]
2022-06-19T04:52:48.2625041 400 : [{"timestamp":"2022-06-19T08:52:48.257+00:00","status":400,"error":"Bad Request","message":"Required String parameter 'desc' is not present","path":"/transfer_status/filter"}]
2022-06-19T11:05:41.4757643 400 : [{"timestamp":"2022-06-19T15:05:41.450+00:00","status":400,"error":"Bad Request","message":"Required String parameter 'desc' is not present","path":"/transfer_type/filter"}]
2022-06-19T11:15:12.9593529 400 : [{"timestamp":"2022-06-19T15:15:12.936+00:00","status":400,"error":"Bad Request","message":"Required String parameter 'description' is not present","path":"/transfer_type/filter"}]
2022-06-19T11:24:26.7241674 400 : [{"timestamp":"2022-06-19T15:24:26.701+00:00","status":400,"error":"Bad Request","message":"Required String parameter 'desc' is not present","path":"/transfer_type/filter"}]
2022-06-19T11:25:37.7762602 400 : [{"timestamp":"2022-06-19T15:25:37.757+00:00","status":400,"error":"Bad Request","message":"Required String parameter 'desc' is not present","path":"/transfer_type/filter"}]
2022-06-19T11:31:26.8395942 400 : [{"timestamp":"2022-06-19T15:31:26.819+00:00","status":400,"error":"Bad Request","message":"Required String parameter 'desc' is not present","path":"/transfer_type/filter"}]
2022-06-19T11:33:39.9715525 400 : [{"timestamp":"2022-06-19T15:33:39.948+00:00","status":400,"error":"Bad Request","message":"Required String parameter 'desc' is not present","path":"/transfer_type/filter"}]
2022-06-19T11:34:54.9409192 400 : [{"timestamp":"2022-06-19T15:34:54.916+00:00","status":400,"error":"Bad Request","message":"Required String parameter 'desc' is not present","path":"/transfer_type/filter"}]
2022-06-19T11:35:27.4935352 400 : [{"timestamp":"2022-06-19T15:35:27.464+00:00","status":400,"error":"Bad Request","message":"Required String parameter 'desc' is not present","path":"/transfer_type/filter"}]
2022-06-19T11:37:39.7791284 400 : [{"timestamp":"2022-06-19T15:37:39.759+00:00","status":400,"error":"Bad Request","message":"Required String parameter 'desc' is not present","path":"/transfer_type/filter"}]
2022-06-19T11:37:39.7968193 400 : [{"timestamp":"2022-06-19T15:37:39.794+00:00","status":400,"error":"Bad Request","message":"Required String parameter 'desc' is not present","path":"/transfer_status/filter"}]
2022-06-19T11:38:32.6698112 400 : [{"timestamp":"2022-06-19T15:38:32.649+00:00","status":400,"error":"Bad Request","message":"Required String parameter 'desc' is not present","path":"/transfer_type/filter"}]
2022-06-19T11:38:32.6998083 400 : [{"timestamp":"2022-06-19T15:38:32.696+00:00","status":400,"error":"Bad Request","message":"Required String parameter 'desc' is not present","path":"/transfer_status/filter"}]
2022-06-19T11:43:28.6148362 400 : [{"timestamp":"2022-06-19T15:43:28.591+00:00","status":400,"error":"Bad Request","message":"Required String parameter 'desc' is not present","path":"/transfer_type/filter"}]
2022-06-19T11:44:06.9548106 401 : [no body]
2022-06-19T11:44:16.05433 400 : [{"timestamp":"2022-06-19T15:44:16.049+00:00","status":400,"error":"Bad Request","message":"Required String parameter 'desc' is not present","path":"/transfer_type/filter"}]
2022-06-19T11:46:01.6275827 400 : [{"timestamp":"2022-06-19T15:45:25.949+00:00","status":400,"error":"Bad Request","message":"Required String parameter 'desc' is not present","path":"/transfer_type/filter"}]
2022-06-19T11:50:37.9564073 400 : [{"timestamp":"2022-06-19T15:50:37.933+00:00","status":400,"error":"Bad Request","message":"Required String parameter 'desc' is not present","path":"/transfer_status/filter"}]
2022-06-19T11:53:10.3631761 400 : [{"timestamp":"2022-06-19T15:53:10.343+00:00","status":400,"error":"Bad Request","message":"Required String parameter 'desc' is not present","path":"/transfer_status/filter"}]
2022-06-19T11:55:40.1441842 500 : [{"timestamp":"2022-06-19T15:55:40.125+00:00","status":500,"error":"Internal Server Error","message":"Could not write JSON: Cannot invoke \"java.lang.Boolean.booleanValue()\" because \"this.activated\"... (472 bytes)]
2022-06-19T11:59:03.9381716 500 : [{"timestamp":"2022-06-19T15:59:03.920+00:00","status":500,"error":"Internal Server Error","message":"Could not write JSON: Cannot invoke \"java.lang.Boolean.booleanValue()\" because \"this.activated\"... (472 bytes)]
