<<<<<<< HEAD
2022-06-17T01:27:03.5810692 404 : [{"timestamp":"2022-06-17T05:27:03.547+00:00","status":404,"error":"Not Found","message":"No message available","path":"/com.techelevator.tenmo.model.AuthenticatedUser@4cc451f2"}]
2022-06-17T01:28:32.6201172 400 : [{"timestamp":"2022-06-17T05:28:32.595+00:00","status":400,"error":"Bad Request","message":"User registration failed.","path":"/register"}]
2022-06-17T01:28:49.8622578 404 : [{"timestamp":"2022-06-17T05:28:49.859+00:00","status":404,"error":"Not Found","message":"No message available","path":"/com.techelevator.tenmo.model.AuthenticatedUser@55b699ef"}]
2022-06-17T01:39:25.906783 500 : [{"timestamp":"2022-06-17T05:39:25.886+00:00","status":500,"error":"Internal Server Error","message":"Cannot invoke \"org.springframework.jdbc.core.JdbcTemplate.queryForRowSet(String, Object[])\" because \"this.jdbcTemplate\" is null","path":"/balance"}]
2022-06-17T01:39:54.9090836 500 : [{"timestamp":"2022-06-17T05:39:54.888+00:00","status":500,"error":"Internal Server Error","message":"Cannot invoke \"org.springframework.jdbc.core.JdbcTemplate.queryForRowSet(String, Object[])\" because \"this.jdbcTemplate\" is null","path":"/balance"}]
2022-06-17T01:41:28.6535262 500 : [{"timestamp":"2022-06-17T05:41:28.622+00:00","status":500,"error":"Internal Server Error","message":"Cannot invoke \"org.springframework.jdbc.core.JdbcTemplate.queryForRowSet(String, Object[])\" because \"this.jdbcTemplate\" is null","path":"/balance"}]
2022-06-17T13:05:34.7082675 500 : 
2022-06-17T13:11:26.1619649 500 : 
2022-06-17T13:11:57.9143738 I/O error on GET request for "http://localhost:5432/tenmo/tenmo_user": Connection reset; nested exception is java.net.SocketException: Connection reset
2022-06-17T13:25:43.7315993 500 : 
2022-06-17T13:32:37.9857539 I/O error on GET request for "http://localhost:5432/tenmo/tenmo_user": Connection reset; nested exception is java.net.SocketException: Connection reset
2022-06-17T13:33:18.3681936 I/O error on GET request for "http://localhost:5432/tenmo/tenmo_user": Connection reset; nested exception is java.net.SocketException: Connection reset
2022-06-17T13:49:00.701519 I/O error on GET request for "http://localhost:5432/tenmo/tenmo_user": Connection reset; nested exception is java.net.SocketException: Connection reset
=======
2022-06-17T16:55:48.6163671 500 : [{"timestamp":"2022-06-17T23:55:48.572+00:00","status":500,"error":"Internal Server Error","message":"Cannot invoke \"org.springframework.jdbc.core.JdbcTemplate.queryForRowSet(String, Object[])\" because \"this.jdbcTemplate\" is null","path":"/balance"}]
2022-06-17T16:56:10.9442716 I/O error on GET request for "http://localhost:5432/tenmo/tenmo_user": Connection reset; nested exception is java.net.SocketException: Connection reset
2022-06-17T17:11:24.3240407 401 : [no body]
2022-06-17T17:11:33.3205271 401 : [no body]
2022-06-17T17:11:41.3201555 500 : [{"timestamp":"2022-06-18T00:11:41.313+00:00","status":500,"error":"Internal Server Error","message":"Cannot invoke \"org.springframework.jdbc.core.JdbcTemplate.queryForRowSet(String, Object[])\" because \"this.jdbcTemplate\" is null","path":"/balance"}]
2022-06-17T17:12:41.3053318 I/O error on GET request for "http://localhost:5432/tenmo/tenmo_user": Connection reset; nested exception is java.net.SocketException: Connection reset
2022-06-17T17:38:43.9237227 500 : [{"timestamp":"2022-06-18T00:38:43.900+00:00","status":500,"error":"Internal Server Error","message":"Cannot invoke \"org.springframework.jdbc.core.JdbcTemplate.queryForRowSet(String, Object[])\" because \"this.jdbcTemplate\" is null","path":"/balance"}]
2022-06-17T17:40:42.8498786 500 : [{"timestamp":"2022-06-18T00:40:42.828+00:00","status":500,"error":"Internal Server Error","message":"Cannot invoke \"org.springframework.jdbc.core.JdbcTemplate.queryForRowSet(String, Object[])\" because \"this.jdbcTemplate\" is null","path":"/balance"}]
2022-06-17T17:59:27.9371285 500 : [{"timestamp":"2022-06-18T00:59:27.915+00:00","status":500,"error":"Internal Server Error","message":"Cannot invoke \"org.springframework.jdbc.core.JdbcTemplate.queryForRowSet(String, Object[])\" because \"this.jdbcTemplate\" is null","path":"/balance"}]
2022-06-17T18:07:36.7434259 400 : [{"timestamp":"2022-06-18T01:07:36.680+00:00","status":400,"error":"Bad Request","message":"User registration failed.","path":"/register"}]
2022-06-17T18:08:02.3480613 401 : [no body]
2022-06-17T18:08:09.7531907 401 : [no body]
2022-06-17T18:08:18.959732 500 : [{"timestamp":"2022-06-18T01:08:18.956+00:00","status":500,"error":"Internal Server Error","message":"Cannot invoke \"org.springframework.jdbc.core.JdbcTemplate.queryForRowSet(String, Object[])\" because \"this.jdbcTemplate\" is null","path":"/balance"}]
2022-06-17T18:19:27.194453 500 : [{"timestamp":"2022-06-18T01:19:27.172+00:00","status":500,"error":"Internal Server Error","message":"Cannot invoke \"org.springframework.jdbc.core.JdbcTemplate.queryForRowSet(String, Object[])\" because \"this.jdbcTemplate\" is null","path":"/balance"}]
2022-06-17T18:47:09.1998015 I/O error on GET request for "http://localhost:5432/tenmo/tenmo_user": Connection reset; nested exception is java.net.SocketException: Connection reset
>>>>>>> 75add7b3bf3113a9bd5489b4709a94754dc096c7
